2 281 231
7 161 234 128 260 131 110 211
1 228
3 296 63 1
7 209 216 298 241 73 42 17
1 206
1 256
3 193 235 106
2 290 143
3 93 74 94
7 13 253 150 191 56 31 275
4 95 87 40 293
1 278
2 35 269
1 149
2 224 126
2 266 297
1 123
3 127 16 243
2 61 240
5 113 29 254 119 37
3 201 220 274
2 14 279
5 3 244 11 134 52
1 30
2 250 48
4 170 8 85 257
1 132
2 196 138
1 252
5 177 34 268 217 46
1 192
3 45 195 223
1 175
1 59
2 7 153
3 136 6 270
1 215
7 0 225 267 32 124 112 88
7 75 287 263 117 246 187 178
2 140 2
2 248 25
7 58 111 90 147 200 264 102
6 27 180 261 15 179 169
3 105 137 77
5 82 237 76 33 208
2 273 229
8 24 174 249 204 64 199 292 226
1 186
3 121 18 84
2 108 43
3 139 22 97
1 152
1 182
4 214 197 50 47
1 233
3 109 203 145
5 283 295 19 276 258
4 44 158 36 49
1 173
5 107 96 164 168 120
1 67
4 146 291 221 114
2 115 185
1 242
3 294 162 100
5 60 190 125 202 9
4 163 259 80 165
2 238 188
2 227 289
6 68 213 99 157 81 135
3 148 219 54
2 78 141
2 171 130
2 21 71
4 101 245 144 282
1 189
3 62 20 41
1 66
1 55
4 230 286 103 194
3 98 83 181
5 172 70 284 212 23
2 218 262
5 167 72 255 38 232
2 265 89
1 272
4 122 207 28 251
3 156 184 176
6 91 159 92 53 116 183
2 133 151
2 26 104
3 5 205 280
1 154
5 210 79 271 51 155
6 222 118 236 166 10 247
7 39 86 4 198 239 57 142
4 129 160 285 12
3 277 65 69
1 288
