47 8671 6530 663 967 9322 990 1887 7846 7784 128 7055 9281 6230 7763 7523 921 2845 8489 625 5621 8012 5288 4144 6639 6898 3638 681 5977 9248 3334 905 1624 1894 1468 6259 6447 6556 471 7139 1796 2887 5363 8415 1714 2466 6343 1623
44 3729 7319 1460 5426 8687 7446 3834 7197 4951 3119 1199 4742 5837 398 6797 8812 4460 6643 1022 9173 7597 7505 143 758 2691 9897 3023 8896 1967 302 15 7277 3417 2770 2616 9465 6464 6521 2261 592 1839 6001 4553 5706
45 5670 4370 1694 7409 4943 3562 4172 2969 5737 6263 8497 8257 2707 338 2272 5739 6251 1568 8958 9450 8499 1027 9799 1828 2709 2306 5447 1654 7225 609 6281 307 4752 3974 5765 8780 4406 8528 2495 7466 5605 5049 4178 2122 3768
46 6755 5941 3556 9957 8174 2947 8429 6865 2974 537 8274 6277 6563 8331 4679 1515 7477 7020 6357 2007 1109 7239 9111 6462 9879 5106 8897 1711 6286 2798 9507 8785 8215 7786 5109 5174 9576 3527 3100 1969 3234 7028 8948 4983 5237 5533
45 370 423 155 3226 7911 303 3701 3534 8293 49 9268 9550 9717 4963 9186 6046 2849 7607 8914 5871 8832 7213 8511 2685 2934 2433 4640 8028 2164 6471 8940 2730 6976 2951 8051 1357 9849 2613 5802 6802 2200 9078 5668 9265 5527
46 3248 7747 9542 9724 6847 7051 9213 3028 7251 9548 1447 9453 4076 4402 8133 3275 7522 8726 6914 3311 2784 1676 7105 847 1112 132 4547 2676 3069 9789 2303 6352 2207 8008 925 8080 5295 8847 568 3467 6936 9764 5462 4802 4215 4311
46 1379 9967 9780 8716 4797 3224 1245 5968 4799 2865 7378 6290 1319 9706 3581 2338 2761 9448 9923 8999 6375 6701 2996 3818 936 3163 7199 166 8226 131 2632 1653 267 6199 1565 7966 4953 8024 1015 7427 2196 5475 6235 9581 2354 265
45 5186 940 6066 4529 2324 996 7130 9463 2690 9391 2411 7778 4602 3744 3437 4539 3415 476 1228 4564 7379 842 3904 8733 976 4216 548 8513 4282 9941 8651 6882 2372 4921 4083 3474 7109 8027 8960 3552 4768 7506 4261 1327 5377
44 9435 5246 5399 5880 2919 9106 8383 2417 9051 8901 7014 1281 9670 7862 44 624 1006 6478 393 6641 1743 5992 328 7156 8611 7879 3842 3395 3379 8882 1626 8339 3309 5473 6138 5283 3583 2976 7566 7994 4275 9825 1924 2046
46 6119 1591 4426 1114 6163 4509 923 4637 2198 8251 2082 5438 435 9365 53 7186 3687 6214 4987 8579 4862 1192 63 308 699 316 3721 8240 7793 7724 2108 8078 2285 8014 6715 7547 260 6864 5595 3242 6663 9468 4031 4600 4847 3207
42 5961 906 4731 9460 5244 8106 6093 8075 3041 339 5157 6699 2244 3082 9204 824 6454 5407 5463 983 5585 7305 2678 7025 2284 7172 4267 7031 5902 8644 8491 5942 7356 172 2546 9763 6339 4597 4536 5523 2529 64
44 9615 2213 3726 6686 467 2359 732 702 8271 8477 4489 5886 9050 2774 130 9184 2933 8500 2064 3153 7396 6364 8193 959 6607 8384 2458 377 8793 9993 4226 5950 9713 542 6164 4390 6403 3961 5718 1040 8144 3807 1123 7047
45 7329 4194 1117 2980 5443 1625 2550 3210 3021 5960 2554 2940 2647 8529 4209 5337 9096 1000 8176 6092 5640 8752 3103 8112 3760 9484 8042 1563 4473 8200 7581 8283 3246 8169 3155 7609 5868 3506 3421 7102 3660 4443 1525 6416 3486
45 5071 4930 1823 9547 9135 7235 6048 8575 4200 4871 1229 9582 4851 1371 7732 4638 4668 6411 2191 2185 8550 3618 6891 5491 7507 8530 3254 9232 6285 2712 6615 6827 1536 525 7039 9220 1919 2001 4959 6363 6223 6600 9470 321 6961
47 6896 3787 8817 1137 4502 5192 7675 8388 5609 4631 4078 6409 4479 1934 3522 2340 9069 9079 6033 5736 9611 4770 4176 8349 9558 6846 1347 7649 8965 6571 3052 821 6724 6202 2033 9025 7401 3841 5782 6844 4865 221 34 7390 4101 3326 5558
46 572 3183 2895 4271 2150 2456 7067 2470 6579 116 861 8802 4858 8983 8647 1537 9134 2242 8135 8724 8096 6296 593 8256 5428 5728 6698 2409 3408 3649 2621 2271 8335 5230 4382 8145 7614 4945 3227 2877 7371 2059 5307 8749 1064 5152
44 6264 4229 399 779 8266 6385 4661 5256 5913 9121 2857 2111 5284 1907 7011 210 4005 2089 6234 2906 9716 3718 1059 6950 1063 6540 1621 4461 6333 1685 4058 1589 7670 886 9497 5818 5876 5401 9786 7162 6241 703 2571 5038
43 9099 1105 1183 6485 1441 5000 1521 9698 9768 1404 9257 8041 2197 3228 1434 1315 816 6075 5847 50 4521 8569 6045 9589 7419 7651 1948 2489 2525 7738 9211 8259 881 829 2281 8977 6096 6346 1122 3975 4428 8123 1912
45 6074 2215 3692 7148 8787 5754 5353 4151 731 1620 7083 8773 8616 1606 4213 2035 2688 6998 9285 5296 4270 1972 4681 2611 4913 8270 6647 8340 2131 2274 5310 643 2123 9117 3128 3918 6098 3332 2973 7915 6570 2254 6466 4867 4540
45 5850 2013 1147 3727 7030 7844 2717 1411 8298 9001 3065 6392 9693 550 4255 9478 4452 6240 8094 7713 4115 1368 8604 7947 8864 5549 9464 2454 292 4268 1374 180 1639 9813 5768 2879 2526 8583 6995 3093 6274 9696 5601 7731 9747
44 1247 2386 9518 3869 3062 3830 7706 3025 8009 6294 2003 4880 5745 5247 2073 5944 6826 1608 8993 5085 8779 3632 3748 259 1876 5600 4419 201 5919 5629 3146 1877 8545 4895 4721 2180 7560 608 6959 5163 6559 2052 950 4435
47 5440 8404 6143 3366 4287 8233 7954 6790 7624 3064 7146 6923 6804 894 7924 269 1612 6210 8276 2604 2453 4170 9770 826 1781 6548 9725 6114 2626 5114 8967 1177 2441 1203 3647 9216 6525 313 4520 698 6877 1841 3480 6482 1547 4140 5134
45 2836 175 9663 1916 7617 3815 3821 4398 9032 3434 2964 20 2923 4705 9324 1829 1960 2978 7708 9924 2708 4041 5175 7395 3336 8229 8551 4103 356 9870 473 8450 8269 5338 3225 6884 1044 9682 9058 6516 9575 4110 3564 9306 9821
43 4372 6436 1227 3060 8403 6473 2449 9208 2280 9704 2958 4785 6300 8605 4816 1574 9192 3694 5920 9928 3130 741 1949 6245 3253 7261 526 5698 9864 544 9008 6400 600 3836 9625 5522 8493 7790 1152 4159 5240 415 6475
46 3099 9175 3141 8697 2760 8077 5826 8584 7355 575 3857 8798 3722 284 7129 5749 4716 7991 9631 670 9743 6675 5469 5044 8097 5298 4610 3384 4186 7742 7247 9018 4126 8862 9379 5801 8753 8856 5145 8228 4378 2764 3289 5048 5859 844
44 9835 539 9132 9466 9996 4831 3452 4909 2011 6117 2443 1873 6545 6181 2042 5261 4205 4823 6012 424 7815 2157 9740 1133 3873 2099 8059 4167 8163 4347 6298 6777 812 4937 973 117 4892 1153 4146 9761 384 2026 4157 559
45 3778 7383 1794 583 1170 6393 3261 4714 8943 9033 3017 5594 6010 1396 8884 6743 9174 1157 9935 7331 585 6094 2904 4235 8370 8159 3251 7816 4237 141 9669 2981 8261 4927 7854 3076 6611 3940 4411 6920 6166 9424 8202 152 3543
45 852 3190 7431 9307 7224 8922 3131 8909 5103 1156 9035 5781 7677 4899 7972 774 5814 8620 2231 5524 6293 6113 4566 873 8792 3396 9646 981 2863 9594 8211 9120 6835 6043 3525 2018 9557 7091 2355 5759 899 6509 6169 5756 9642
45 696 5193 710 4242 6379 5684 1775 4465 8536 6496 9380 9002 1905 3003 8978 5715 9845 2000 120 367 4924 3743 9585 2504 8049 5126 8479 5184 7801 6860 1703 3335 3134 9359 4956 931 7096 4116 7743 8187 7465 7037 1701 1642 9207
44 9199 5840 7254 6371 6378 3509 9011 4919 8029 3949 194 2854 1555 7158 7539 2081 6009 4948 6667 8669 5632 9504 3187 6900 9852 3710 5936 91 6025 5506 209 1166 4911 3631 1927 9673 7013 9153 5940 3968 5402 6934 1074 4619
44 1248 933 651 4258 243 5568 8526 9519 6899 1707 9 977 4262 9886 3741 1944 3547 3758 6337 6237 3307 6099 9454 348 9520 9237 9052 8146 6188 2252 2720 2896 9779 4218 6067 6876 5729 9596 9942 6104 4654 1736 2192 535
44 9502 8079 9987 165 8624 7953 9727 3917 248 9203 7046 5403 4220 694 5156 2850 434 9600 1918 8955 9498 5616 1337 4202 9337 9300 795 7840 3124 8400 5667 5990 9183 6168 6650 858 5793 1987 896 4345 8702 9428 9601 8033
45 8521 5502 9000 1541 8324 6789 3812 1635 1372 1031 9798 6814 9494 4635 9690 4094 353 7469 714 2014 6297 3176 5821 2127 138 3702 1129 8602 2008 3855 2315 3611 3213 2162 1726 3924 7515 7500 1458 7189 8307 5997 7304 9637 147
46 4622 565 574 6398 6233 1318 5376 1393 6124 8043 1810 4972 1816 8911 9759 5994 8463 2461 5644 6735 3488 7252 4839 9997 4877 7817 6766 654 4859 1945 3669 7977 6784 5738 3403 2541 3672 2390 511 1453 5433 8433 2105 3907 5631 4878
45 8552 926 6402 7780 3019 6228 6401 376 9887 5716 7583 422 419 980 5409 7936 7323 4526 6016 895 3132 7529 1943 3194 4034 9102 4828 1662 970 2634 9586 5959 6152 6055 5636 9467 3993 3784 6349 7605 1095 3178 8663 4086 9624
47 9689 5207 6761 2116 9218 3490 2911 3346 7244 3440 1290 7200 2959 70 3578 6144 6080 4339 5757 4581 838 9508 3956 8488 2310 9061 2998 4014 7782 1180 3375 2377 9854 6909 8991 783 7228 5574 3657 8548 2380 5127 9476 8913 9912 9432 5846
46 7902 1010 89 2686 2404 4928 8287 916 5470 1030 8362 8394 196 4332 5696 7979 2841 4996 4934 6858 5945 7785 347 5617 5082 505 2343 6776 1087 3429 7391 7576 588 8769 2809 8424 3703 2275 1270 7149 892 432 8445 5255 3511 7657
45 9607 4821 1026 7694 7554 2070 8934 5607 4225 3404 6767 8431 9291 12 1211 1516 1165 4883 6567 9201 7368 8541 9170 2727 6974 3616 7906 7796 5293 7752 3231 7716 6557 431 6218 1278 9650 4357 8822 5518 500 6888 9995 2536 8577
48 5986 5650 96 5467 4299 7762 4212 760 4274 2308 6151 443 4842 9856 8452 5123 7710 3475 2544 7509 1159 7405 3284 3426 8869 503 4853 8054 1664 1216 2394 8747 7018 6969 154 6334 9490 3788 8954 3500 4746 5022 4902 9358 1403 9317 4541 2607
46 6470 1249 9407 4442 5445 6583 2891 4362 6316 6102 7943 8936 5531 7745 4761 3320 5418 1632 7010 8906 3688 997 3822 2535 9618 3382 4856 915 4613 8297 7828 1043 9342 65 6857 2700 4352 8811 793 3447 5688 7501 5912 5879 7934 6736
44 1533 3838 7066 4298 7766 1077 9193 4135 4811 3491 8218 6519 9788 1482 4588 8003 1377 9546 3001 8130 2659 9400 4905 8570 6922 8342 576 9321 170 2957 1500 7634 7795 3589 47 6394 1311 9628 7646 2838 2488 4266 6960 5932
43 7771 1381 6985 8900 1590 449 1759 6994 3594 960 3573 7078 3895 8435 9758 6720 9739 4900 4666 4995 4966 8201 2963 6324 6817 2468 897 3145 4915 4805 2557 1033 4032 4787 3654 1262 5824 5094 4279 8255 5182 1644 669
45 2650 336 4376 470 7534 78 8386 3083 9017 3296 3765 1304 7606 4182 366 8372 1279 5231 1081 2084 1526 8833 7764 7099 9777 4532 1825 3201 661 5227 4512 1171 9043 3932 5388 7530 297 8265 2779 4628 2349 9326 835 4863 4361
43 9855 1982 9686 9978 5189 2750 7100 3714 4514 7360 9719 4992 6058 9900 2771 9479 636 9667 6141 3985 9145 4033 7592 6845 5069 9083 1615 5603 6880 5194 6031 6039 9873 7182 5162 5665 759 7040 9661 3734 1897 656 9030
44 2048 346 6057 280 7543 1048 7899 3031 4276 5833 4393 8803 6787 8408 2561 9803 6123 5772 2178 8972 6200 1572 5893 8627 368 2813 4620 8670 7053 4795 6213 6916 6194 6756 7921 9474 5360 5543 7695 6820 8244 3514 169 2758
45 9128 6893 9366 1455 4396 4872 4118 9420 8874 9200 8731 8205 8710 199 851 7586 9614 764 7 3161 1511 1366 7737 109 4342 1019 9108 2829 5046 1487 8952 7700 1225 5493 2140 371 8688 1072 8861 5811 1256 9980 9397 7234 794
48 7278 4017 418 4326 7270 6569 1342 2811 1375 2638 7452 1028 7692 4175 4351 9964 2074 6037 6742 2022 4455 8719 5973 7178 9620 8498 345 6595 9070 2419 8886 9429 9890 590 5219 7054 7262 408 2067 4574 6248 5903 6592 8990 1801 6542 4873 577
44 6071 9948 9386 9954 7203 2715 2817 993 2416 880 4577 9059 874 360 9338 1231 7668 189 5789 581 721 4063 185 4667 5810 8250 6208 5851 4657 7024 5370 3604 4456 1603 678 2392 1846 1784 9330 2291 7294 5236 2875 7741
45 5034 1091 5633 9269 6438 4381 9064 8617 5583 3585 4994 246 4045 4738 5480 1355 1757 7611 1214 4935 1017 2491 3297 2752 8273 6968 3 7142 3719 5515 4812 6536 99 9538 4551 6799 6458 1538 4322 6410 5704 7324 9349 768 5028
46 5429 4981 2516 4198 2824 7283 206 1073 8232 3067 5025 2447 2987 6311 4457 5748 9374 8460 2314 2542 6993 3073 4692 7263 7009 2710 2982 2173 2822 4291 4707 7418 2705 2942 4627 9705 7340 9685 8158 1075 4908 9718 1673 878 1297 7733
44 4130 8363 2431 6972 2741 3797 5132 2476 8171 2155 743 2253 4629 4469 7462 9041 3051 3034 5933 2165 9107 3565 8039 7298 234 9703 9044 1692 2749 5803 9019 7770 9973 3886 7580 1975 3771 3303 6459 2265 8323 5213 2658 2498
47 6492 5439 7411 2434 7093 1125 3273 2585 4375 9253 9115 8720 7660 7223 1567 4641 3856 1851 4548 2757 2161 5125 6775 484 9393 1483 7687 410 8639 4524 7249 9617 1773 8717 713 7749 3162 4190 266 7739 5766 709 9195 2429 1968 7321 5550
47 2492 1610 2176 2128 5799 1 1495 5352 2649 1546 275 8010 6244 8220 8941 2870 6081 2639 5308 4486 3645 2970 2803 5679 3634 9837 912 3453 1209 4773 2258 9214 4788 3828 4694 2222 8959 9541 2076 6759 6175 9073 1819 6432 6928 5332 3646
40 3050 6167 101 2636 5155 9741 819 8021 6383 167 335 5104 2345 5580 4766 3852 1222 4254 1883 6587 9526 5741 2725 7569 5272 1425 6278 11 1339 7195 3643 7776 5526 4836 1445 2747 3504 8494 8870 918
46 4495 3339 87 5065 2664 1392 4784 8626 1836 1601 2794 359 9123 4596 5726 3098 7338 5807 7141 4698 2071 7458 4387 7542 6013 8742 567 1831 6646 7528 4719 9055 3045 1811 6708 6722 3454 3494 1134 2884 7303 9318 6692 2167 9160 1224
45 3793 7756 2421 4889 3681 635 8573 4969 3129 7498 1953 706 7291 3386 5978 5483 5357 5444 1981 5185 7937 2885 1745 4335 1021 9914 6515 7127 3058 7333 7755 342 4289 9606 8729 276 8348 6793 8071 5318 9626 1549 7003 907 343
45 8107 4656 8505 5598 7297 9072 8366 1076 2199 5026 8696 5620 2241 2024 597 2556 6514 8804 4015 1479 314 193 2912 5414 9792 8944 7460 6620 9451 775 1287 1964 2568 5999 5142 633 2694 3991 5097 1111 9329 682 3167 9641 4388
43 4162 5472 863 3757 6212 6931 814 6373 3599 6731 8532 5091 5773 737 3469 4573 4358 2766 5329 5615 4970 3394 7212 8565 489 3497 6806 6749 213 957 8015 5534 3684 4708 7176 5092 256 587 1826 8806 6733 6783 9992
46 9040 1413 261 8288 6695 9636 1399 7000 945 6064 427 3196 3002 9771 2985 7893 9818 2132 8294 7346 1035 8957 9828 9363 7070 5335 1576 1038 6586 869 4669 3188 3262 244 9258 5658 1586 7088 4440 3091 523 4474 9441 5287 9140 6585
44 8100 9155 9681 790 9274 2478 8830 6622 2039 7669 6655 3872 8121 7926 108 1139 6597 7269 9246 9373 6040 2762 7236 4689 6187 4704 6073 2240 6467 9299 7993 5064 508 6657 253 4195 3560 7922 686 9563 5151 2121 1930 2049
46 7258 7715 9288 7154 5497 8814 8805 7538 6796 8674 5591 468 2847 4931 7963 4603 3377 247 3677 4986 962 8665 9194 7613 2295 8247 5057 312 16 5626 5874 2086 9726 3298 7632 4677 2540 4445 5934 3127 238 7721 9647 8462 4893 472
45 975 8234 2106 2336 6261 5685 9005 740 8507 9239 3214 2652 8564 7967 610 4248 6320 982 4713 7909 2214 4301 4253 1861 1034 2019 8962 4855 5883 7751 493 6076 5637 5989 8588 4269 791 4433 7082 1476 82 5009 3900 8907 4197
45 5798 1360 6365 2090 8230 7974 6142 1634 3546 2586 2580 4181 2 1158 6022 8721 5239 3882 4323 9097 1818 7308 8132 5918 5496 4891 7913 879 9036 1600 6648 6465 1898 7211 277 9251 6273 2948 5708 4869 8221 4315 3530 1929 30
43 3545 6630 9223 6121 5300 5628 1695 7952 7779 2880 8988 5499 9869 2058 3887 4179 458 6703 258 1609 9344 745 5136 6051 8084 7933 4273 5655 5050 4169 2518 6664 1830 6723 1789 176 2581 9812 8592 7372 3548 2148 105
46 7830 2578 2088 4060 437 300 8053 1422 8560 9888 7574 1054 8419 6861 755 4568 6986 9622 2206 3540 9511 330 8850 8845 9599 3912 5330 9472 3963 4516 4203 736 5570 8794 7205 5733 1449 6869 3878 5552 2080 7456 3202 2656 3698 4028
44 7725 7389 4424 5442 8681 6035 3533 9968 4360 6982 1291 6747 6582 3479 7181 2788 1971 1013 5321 516 9983 8329 3232 2777 9022 357 9532 354 5235 6135 3333 6801 1463 8937 179 4098 1164 3997 9062 9425 6444 2510 61 2327
45 7135 2405 7499 3742 6109 8599 5835 6108 5983 5135 447 5223 6450 6551 2532 293 6494 2790 2787 4016 1418 3894 1066 9577 4985 1354 4660 466 7133 9921 888 8214 2517 8475 8127 7960 2260 5206 1090 2972 647 1914 8284 3055 5259
44 9004 8254 8590 6390 421 4196 7210 9381 3435 1148 299 2477 8409 1741 992 1668 1553 4154 7007 5198 4403 3159 1834 4594 3720 8002 1705 8317 5216 552 8438 6254 5925 1661 9922 8280 488 4608 6621 7478 9794 4498 6867 5477
47 1954 2499 6260 8425 240 3884 3794 2333 6406 7765 7600 2625 1140 8374 426 361 3875 4059 4533 9301 3111 4964 8032 7388 1412 3117 6421 7366 9167 4079 7655 7855 3715 3152 7157 1508 6689 2367 2228 8668 7420 8825 9894 2672 8289 9745 617
43 630 7813 1523 6498 2296 3012 4007 640 2979 4993 3871 4531 999 3407 5681 6656 504 363 2916 2955 4009 4227 6453 2096 1326 4700 5087 249 7928 4286 3487 215 9289 2484 9139 3653 1790 697 9054 8470 2247 900 6338
45 9189 6719 2925 7165 4820 6813 787 6577 8126 8196 1809 479 527 41 7481 5474 4906 114 6841 7220 98 580 3754 3385 2435 2984 9095 2362 5305 2297 3749 1065 233 7347 4861 1998 8596 4318 5392 8212 642 229 4664 514 3206
45 4733 1461 6158 6295 3139 5333 2290 3094 8180 8976 6426 3355 7579 7138 2412 6077 9094 1478 3353 4515 4042 937 828 5820 1269 3364 5365 3898 4611 4210 4758 9537 9279 3959 1474 290 8531 1317 9593 5465 5588 6461 1309 5311 6947
47 6644 8375 2307 1435 8767 9969 4307 2133 7775 2104 7656 6003 4736 4754 5280 3664 563 6321 1681 3221 6381 2861 9493 3673 1421 979 2594 9998 1198 6183 5946 3436 2249 6369 3063 8249 8578 401 7836 6354 7697 8666 7444 4709 6674 3883 7041
47 7479 631 6186 8925 3203 1583 6704 3503 7238 6830 5572 2277 358 6629 9205 6162 7352 4687 8559 2225 5153 107 2077 4775 5970 4070 9731 7604 9370 8456 725 4327 31 4825 3006 9933 5614 6184 5205 2587 3075 7435 291 2789 203 3691 6439
46 9829 6751 1312 390 4585 4575 1631 7827 7873 9543 3173 3848 3850 9521 4782 2683 2083 8253 5078 1940 5538 6811 8162 7110 32 2509 8101 9409 5215 9926 7553 9793 9141 7672 3926 6134 1512 1070 6112 2219 145 3777 5421 9936 6510 8969
45 4818 4476 5947 5314 4522 4075 7354 2773 1738 7266 5265 413 4781 3464 720 891 3264 3476 6060 6457 3792 5233 5630 5068 7116 2776 8487 4645 5753 6355 800 3755 2670 9712 1473 6726 9357 156 8167 2732 7447 3559 7633 3587 5979
48 9068 7068 7973 5455 6883 227 2006 517 311 570 4505 394 136 3121 8542 1729 1284 9867 8949 4051 7121 9403 914 2643 7931 7886 8956 9805 667 1101 6610 2028 3891 5648 481 1493 6988 9182 8222 1197 133 6126 5128 3390 2292 2342 1014 4879
45 232 2175 67 3451 8423 3897 5346 4026 8224 8867 1219 798 1193 2194 3325 9517 1888 3908 521 6090 8544 2530 3686 8863 1466 2030 8360 9345 8829 7164 6310 7163 778 6977 4256 4068 5101 1472 222 7059 4850 4391 3499 149 9282
46 534 134 1345 7727 3276 8102 9071 6697 3849 4980 9808 9674 7679 4755 1003 8520 2402 854 7970 7374 436 2702 9910 4918 7961 3342 8512 8473 5486 683 6070 2892 2029 5451 9679 1023 6065 9752 8405 9878 4155 6528 5546 4808 3980 2130
48 85 3164 1886 4672 4087 8844 747 9165 524 7896 4466 9461 2718 5643 5599 8343 6590 4413 5203 1042 9452 545 637 3774 7185 5326 1731 5839 8840 8381 1141 9528 1993 8161 8258 3602 4890 9084 6739 1658 2990 8023 8646 515 7856 8676 9109 73
44 5003 8011 5148 1629 4400 595 3880 3243 6897 2576 7513 6727 4876 5344 3442 8061 1798 5079 7453 7108 3835 4771 727 9278 8828 7847 9066 55 4590 4192 6566 5066 3612 8728 4511 6431 8426 4621 561 5422 3027 4334 8026 2360
