1 6520
3 262 9670 7992
8 9702 9105 577 5473 6942 3336 2748 818
1 2007
1 9099
5 4144 3299 220 7259 626
6 7904 4772 6863 1415 4211 3360
5 2343 124 2496 7117 8004
5 5317 8875 4194 9128 8609
2 4898 2090
1 8452
3 7329 731 59
2 6363 3347
3 5864 5419 6377
2 2693 3126
4 1480 9407 9900 4434
5 5739 210 856 5892 8985
2 6072 4151
2 7003 6943
1 8606
3 7882 5755 7402
1 8070
1 2298
3 3905 4021 4424
3 7314 3365 4138
1 2491
5 2735 1332 115 1521 662
3 6462 8041 2933
2 7028 4203
3 881 3831 4883
3 39 816 2703
1 9509
2 3187 2330
1 3864
2 8038 9169
3 6830 168 4633
3 5437 8500 8054
1 4998
2 6362 1858
5 8160 2442 2413 4689 427
4 8991 8170 1331 2276
1 3134
2 1817 6547
2 3198 995
1 4303
1 4996
2 6548 8441
3 8732 1624 5711
2 9503 8216
2 9011 2449
4 2881 1453 9828 9906
1 9764
1 7182
1 605
2 1107 4845
1 6834
7 2605 6578 2056 4237 8485 8742 3014
3 6740 1322 4983
2 558 4123
2 2288 2110
2 9624 3728
1 7476
2 6382 7491
4 6581 8640 5853 9067
2 1773 7241
2 7280 1991
2 8239 4230
2 2204 8411
3 7347 5250 1000
4 7966 3191 4478 8765
4 3508 7930 3599 1306
3 5156 5511 6979
2 5763 6494
4 1721 2254 3805 9055
1 2134
1 264
8 7373 7725 842 8671 5514 2325 9618 327
6 8464 7560 559 3164 5601 9775
3 928 1138 6285
1 2591
2 5426 1204
4 4924 2699 8027 8861
2 9489 9231
2 4301 6630
5 8721 5995 5769 8963 6789
5 4087 5757 1249 2035 8573
2 9100 2194
3 9897 732 5560
3 5377 733 4226
6 9444 1292 547 5680 4395 8733
1 5321
8 6724 50 5966 4130 1329 2912 9743 8571
5 134 4517 9330 9581 5236
1 3887
3 2787 8739 1362
7 4532 1965 2274 4481 4266 6837 7523
1 3491
6 2984 7411 643 7674 734 1411
2 613 5821
4 9751 2283 1525 5088
4 1071 5552 4299 900
3 4450 3767 7496
1 1594
3 854 5914 9986
2 4184 2286
4 7318 5049 7599 8180
3 3311 2420 1507
5 288 7605 9054 5564 4913
1 3265
2 5625 4901
4 3962 9566 1240 5159
3 8885 7389 2619
5 129 8228 4031 4885 4041
3 8667 2778 3402
3 698 3926 4145
3 3877 8946 4363
3 723 2061 2544
1 1680
7 1725 7701 8915 5356 9428 1959 962
4 6169 7839 2443 8237
1 8893
1 9451
2 5679 2767
6 4029 7843 7212 3195 7765 55
1 5997
1 3705
1 1374
4 4135 9867 2935 4284
1 8625
4 3256 4786 5492 5772
3 3625 8005 2726
1 631
8 2147 6474 5589 208 9222 4064 8378 4141
4 6526 7306 9968 4267
2 3215 1764
2 7196 9750
1 2692
4 8565 742 5976 3818
5 5593 3555 4566 680 1064
3 1188 2768 1343
3 619 8643 8969
4 2122 5358 3648 4040
4 8749 4902 2428 4245
1 1545
3 103 3493 4841
6 8786 4330 7887 5060 9694 9936
4 3630 3598 2967 8363
3 5452 921 3929
1 4148
4 7387 4514 6557 1809
3 1666 9706 648
3 2918 3247 5968
1 5151
2 2499 3389
1 5833
2 205 4976
2 2959 4181
3 8868 3483 5404
3 5260 4165 2169
2 9663 2850
2 3828 840
2 4647 5942
2 3163 5953
1 7892
7 2863 8257 8814 3271 7534 3073 3612
5 8048 1654 668 7886 4403
1 1691
1 6108
1 5604
4 2261 2804 1256 5312
1 4220
2 5950 1615
2 7205 6335
2 2382 3327
3 5424 9318 7011
3 171 6485 3252
1 6514
6 5072 9325 841 8305 1487 4131
5 9447 3660 5308 9086 9430
2 2082 2629
1 8046
1 7937
2 4942 1653
3 2112 5550 7835
3 6181 9437 8352
3 8167 9327 6007
1 9097
3 8736 4597 1234
2 6689 2594
2 6935 1315
3 6102 7897 3388
5 380 5500 9295 9957 3812
1 1586
1 2379
3 7253 5748 5209
1 3749
2 1816 9309
4 3061 6646 7148 8445
4 2512 8186 1224 6477
4 2662 8432 5778 4294
4 2272 8417 8164 5408
7 5619 8446 1102 3138 8637 8715 443
4 2242 2142 4777 4853
2 7970 5472
3 9944 9028 6627
2 8244 5988
3 2344 692 1881
1 8124
2 3090 9329
2 5505 176
1 8402
3 2198 442 488
3 3117 3395 4480
4 3173 4660 4019 3870
2 5481 7184
3 1572 5112 6031
2 7293 5697
2 1286 5436
3 1119 2128 2490
4 8745 6078 6645 211
1 8762
2 6145 3683
1 4735
6 6012 4232 2336 1647 276 9301
4 1486 6896 2455 8321
5 8767 975 1967 8050 1084
6 6480 6314 2945 9194 3379 4397
7 2119 2571 7221 6204 6625 8294 4793
5 946 674 6003 6305 994
3 7322 996 2825
3 654 4119 7719
1 2806
7 2978 3977 4997 2519 5658 950 5858
4 4884 4581 2705 2628
1 447
6 2741 5214 9947 4755 7860 9911
3 4163 1178 3809
1 5895
4 9788 4828 1834 4371
2 4460 4987
2 448 7597
2 2522 7157
5 7798 3384 7256 9041 6441
2 3330 5450
1 3548
2 3982 795
1 9689
6 9967 5744 5323 4970 5878 2983
1 3206
6 3940 509 4224 7240 1791 7814
3 5674 2236 1060
2 19 3120
3 1554 6952 1326
3 1908 417 5474
3 8353 1222 3522
2 1155 5434
5 4340 9518 878 4594 7061
6 7501 1125 7371 9457 4789 911
1 7181
5 938 1257 2752 1668 4503
5 3139 7168 3263 1268 2858
2 3091 4712
4 4575 2763 7874 8036
2 1057 4611
5 1989 4848 9234 3757 1954
4 9586 3796 2315 2926
3 3487 5590 2130
1 6792
5 7787 4167 119 7647 9307
3 8016 7071 9126
2 9455 1049
2 7105 7945
3 7345 6523 7986
4 6729 1553 5292 6964
1 1823
1 2289
4 6495 2047 9279 358
3 7394 4852 2529
3 8525 5713 1269
1 8156
2 5626 8658
2 4306 2327
4 5664 3013 1634 4183
4 9979 1846 3467 2669
3 4572 7689 3529
4 1433 5382 28 5780
1 3310
4 6491 8010 7815 8663
2 1934 3703
10 4872 4094 7392 7993 397 3104 8477 1784 2453 1517
4 8458 5885 525 4269
3 8784 6564 7042
6 9144 9333 5633 4372 7294 2957
2 2646 9568
1 7228
1 6
1 4127
1 7487
3 1041 863 3552
3 3337 9487 7127
3 1270 9844 1255
3 4944 6228 2258
6 8785 3743 8410 6301 8277 6250
1 1367
6 4249 2537 433 2942 5801 7559
1 6470
3 1459 8595 3766
1 5044
6 5694 1048 3000 4971 4963 4077
3 7653 5416 2588
4 3980 5510 3236 5989
1 7431
2 7438 3268
4 8272 9235 1976 107
4 2517 8852 4485 749
3 7741 1092 1028
2 2721 1339
1 9814
3 7285 8291 2848
2 1975 2117
1 9648
4 964 9473 7893 2136
1 8655
5 825 2077 8025 8504 8727
2 3359 7809
4 6902 4362 9767 3019
4 7711 6786 3655 2849
1 54
6 9880 8115 7419 9070 5888 4496
1 8251
1 9220
3 3801 8143 7621
1 6621
1 6467
2 5490 2698
9 164 5172 3141 122 8009 378 3232 1313 3895
1 1216
2 4810 1722
1 4054
2 6131 9960
1 6365
1 7563
2 3213 4447
1 7133
4 7536 8318 2121 4612
1 8683
1 8718
3 2018 2891 1990
5 9158 5192 194 5100 3110
2 9780 8106
6 9657 6752 8191 5120 8118 5338
4 7267 2284 3640 5048
5 1215 7921 9225 1762 7335
5 2316 3607 2965 1171 9176
4 3721 9492 6253 3500
3 6055 6105 3712
4 6281 6571 3468 5055
3 4673 3059 6559
3 6353 7020 5688
1 7460
4 539 3354 610 6433
5 355 4342 403 2785 3582
5 3795 6227 4473 1681 1792
1 7146
2 8395 8152
2 5908 6917
1 3515
3 3694 6154 5927
1 204
3 396 2714 228
2 4074 5940
7 9919 1010 9485 5690 6159 6264 5127
1 446
1 7833
1 8087
2 4624 685
1 4189
6 9742 7806 8328 5393 293 8710
1 2193
1 9540
1 5758
3 5794 1143 4965
3 8150 2898 6950
5 8248 214 3382 2431 2244
2 461 1086
2 5136 3608
2 7817 939
1 6207
2 2269 4869
4 6530 8357 9272 2216
1 3868
1 3733
2 5898 1289
1 4298
3 81 8204 3965
4 2400 8905 3494 3928
4 6692 3269 1325 8716
2 738 3086
9 1209 7239 4802 6385 8003 1348 1124 5128 3427
2 8672 8374
