23 466 8098 2601 8208 6281 4888 5238 7050 7122 9531 1163 4240 5648 9590 8075 9848 7363 4438 9433 5782 1115 4167 5413
9 4032 5383 8216 4669 1098 1982 2340 7858 116
2 9307 9879
12 516 712 9014 7382 3606 6786 2355 7 8186 2681 727 7875
21 5956 1356 2111 9360 3816 139 1830 3189 9135 3583 3898 5800 4555 4195 2077 2862 3033 8547 3649 9291 9598
7 2634 5143 765 6125 4924 3084 1516
18 2953 2765 3488 4427 2621 7672 7333 8589 7538 6156 4736 1338 4955 2505 5848 6229 1708 7712
26 3171 3749 4475 5500 2323 2691 2063 1546 8858 9981 5043 675 6915 9208 6837 1609 7380 3318 3689 339 7138 3756 7012 1167 6964 2963
5 3578 2101 1051 9604 3209
5 987 8028 9298 4347 6729
14 6215 7952 807 2527 6842 8041 9572 7740 4257 5049 5063 4249 4330 2092
7 9389 7718 5375 4002 9286 5564 2937
21 6071 9597 9547 35 5096 5704 4455 2557 5812 7888 3108 4597 5443 9122 9965 5702 4660 6216 7399 7925 3954
14 7780 9261 8609 642 3683 3469 1946 3931 8378 531 5133 4801 93 4162
9 1126 3962 5325 7950 7736 4100 4659 8115 2845
8 4243 2167 5957 7249 5269 2811 5613 1618
28 1724 9351 1290 4966 3753 6739 3198 3727 1448 4755 4732 618 3417 553 9174 5616 6062 9297 8986 3704 6762 4111 5945 481 2008 2649 6846 6737
18 8489 1081 8517 2158 3730 2738 7411 810 337 3415 4432 7328 5868 6925 8200 5065 599 7175
11 5964 8593 8092 2143 8481 5200 4937 5766 6923 7705 4719
7 283 4419 8865 13 8269 5105 9271
5 224 1669 2254 5129 2414
14 5629 7562 1693 6660 1950 23 1657 991 4364 3983 19 4676 8853 5416
18 8982 1726 912 6610 8634 7462 2902 623 4722 2747 4332 3124 8692 1069 2164 6396 7513 3787
17 167 6919 9566 6722 8968 6501 9922 3831 4850 7246 1509 4668 3140 8903 4677 2316 6118
23 6284 2341 2086 606 8173 9591 7027 9749 7814 2548 7024 1065 8129 8139 9118 4813 8737 1099 5289 9320 8170 502 8767
25 9177 9489 669 4022 2259 916 7100 1497 5013 957 2618 4683 8787 2358 9990 8656 6061 9581 9979 3069 6970 8236 8345 6549 7698
13 1366 3985 4557 8287 7397 3728 6836 9464 6832 7734 5271 777 3321
28 6595 5739 4324 5404 1900 1720 5861 5492 5972 5293 4610 9947 3044 458 1976 5212 2701 5040 2024 509 1798 9336 7592 4831 1211 7303 5346 1237
17 1073 9669 7685 4726 9036 4793 1201 1729 2986 7763 6128 4042 5575 9702 8959 8266 3996
29 2135 9095 8752 2576 9483 7847 3483 6296 6000 862 8611 9551 121 2114 3405 8922 9043 2453 4423 497 8364 4753 6052 9846 5420 789 5406 6252 6879
23 7163 6848 5480 7276 6321 4914 9245 1704 580 1700 9187 3421 7173 5731 483 2702 6690 2307 3872 110 2907 9868 1008
20 281 5762 3388 1707 6245 4292 3327 924 8743 418 9842 4537 8288 3019 7663 5323 5016 2040 9829 7590
17 7694 5051 6852 8907 7263 3654 8302 7611 34 9330 64 9822 1226 5109 4834 8711 7042
20 813 6733 4276 7308 8416 7370 6694 8810 9063 4502 1620 1108 293 7405 5797 8360 6165 6529 9494 8157
15 6224 3474 9919 4248 2784 3758 7818 8671 8333 5345 5675 6297 520 9973 7154
6 1215 4730 2031 2429 8159 592
16 9025 2372 3169 1026 7294 227 4895 7929 8501 2360 2584 7429 7378 960 9508 1274
17 3358 720 1962 3960 5777 8219 5657 203 9145 7976 8095 9239 2091 4721 9558 9760 9949
24 7190 2771 7361 9523 2463 8406 8917 2294 4518 1945 802 1762 2658 5831 7478 4468 3238 2722 3104 6854 6455 1134 1282 460
34 9488 3937 4867 4092 8778 4402 306 3651 7953 9219 72 1737 6101 776 3884 2606 6219 3798 4105 6187 4317 559 9256 780 1111 7267 1706 3472 4997 5919 428 6573 5099 8914
6 6055 4346 1255 5351 5427 8849
21 2742 3063 3352 5084 9962 6983 2502 7041 6180 3976 8830 3252 2814 5573 4244 2408 5735 6784 839 5723 2018
15 105 1047 8678 6756 9877 2211 3724 4063 193 525 7279 4547 3527 7033 9111
26 6771 6262 2529 1247 2005 8413 132 8379 7629 5331 5393 9520 2019 1563 4322 4135 6105 4985 455 3945 5793 633 4340 2819 3191 7527
20 2893 2496 3434 3424 4242 6131 3072 3228 8866 6081 8936 3968 6744 6024 4445 3379 6868 6424 4124 6244
16 6190 2012 877 5396 9031 8133 5192 6497 5284 9056 4062 2407 2069 2424 2672 7711
26 39 2002 77 7896 2161 7443 6745 366 6360 3585 2283 7599 2383 7087 4486 521 7098 871 5792 5611 8455 9172 8390 6528 6695 1573
11 921 9196 2725 2469 6839 2201 5021 311 233 9723 6306
10 5028 4822 6142 6495 6285 2571 3325 9960 6116 4329
13 8680 1146 2076 8341 2885 577 2530 7530 8444 1375 945 4213 6259
22 9658 384 6569 7867 4351 8126 7352 9068 3204 4758 2420 278 1323 2519 1595 5476 2631 4286 5909 8062 3372 5790
16 567 5360 5479 8104 2679 8800 8507 6371 6907 5337 5710 1959 7150 4586 7032 6172
16 4064 7670 9615 5313 1893 2153 6901 990 5157 4787 4345 3991 7637 8585 8311 8292
7 6492 218 849 5324 7993 5661 8851
14 1743 5538 5977 1918 5029 5330 8997 2471 685 4687 7586 5577 1861 1097
21 6002 130 2721 8988 3788 1340 9153 2970 7616 4842 2415 9149 7225 8007 2834 5694 3265 6862 4008 3589 5700
29 6727 4533 7278 8050 9798 4543 8463 9519 4564 8555 9740 8286 3185 8381 550 8741 7209 1412 908 1611 9687 9052 2281 6898 9565 6222 1222 3066 2387
11 5304 2982 2896 2513 7638 2342 6003 7917 9485 9340 6476
16 6280 8108 2813 2599 8160 1307 4540 3932 7541 8769 621 8994 5006 7767 5621 2330
25 9545 4573 6709 786 3526 3432 8676 5653 4938 3342 67 2022 8750 2744 8347 2047 4621 4109 8238 7782 7668 5086 6666 9322 8019
15 1939 7169 6358 1209 8140 6484 706 3349 2290 6558 6816 4490 2938 7467 7234
14 7109 4706 1310 5008 3840 4012 650 8491 6433 5857 1953 7147 9067 6450
34 8101 5776 29 679 355 8526 6487 8899 3627 2003 3264 3253 8124 4006 6043 1927 7574 3594 7813 7031 4664 4593 5763 3359 5553 2376 3735 9110 8912 4245 6217 2565 8633 3223
22 8976 9017 4458 2305 9698 7992 1465 2366 8813 922 628 4852 1527 5548 9952 6256 1801 325 974 1503 1646 7248
18 8983 584 1104 3206 574 1133 4264 6622 8536 7006 914 8619 4144 6873 5623 8319 4128 4855
14 9184 4134 962 5442 1077 9228 1551 1403 3783 4989 2425 8511 20 9616
5 2574 9439 2499 4901 6910
12 5173 6563 1478 2871 4367 1012 1315 5546 9806 1947 6721 551
32 477 9072 9832 1960 2710 6753 5309 276 5048 4349 4807 6196 6863 4591 8695 8357 4970 4186 8209 1734 1856 9042 1297 6810 4250 750 1204 2257 1224 8756 7811 6997
7 853 4951 8545 6405 8090 785 3001
5 4613 3743 4172 694 7073
19 6428 5305 2184 4407 9993 326 7415 2023 7034 9783 5960 4526 9977 4654 7893 680 188 5530 710
20 3032 3883 5428 5038 1023 6957 3548 9385 5384 6185 7441 779 1392 1728 6647 5944 2700 7583 3559 5958
20 4780 8030 4503 1716 1852 4949 8298 5302 7044 3648 7507 8759 1321 4089 6982 4009 2476 4716 4267 2713
7 6598 9606 9996 7446 8387 209 3467
8 5760 2235 1682 9011 6413 5151 9742 8946
26 9696 160 9083 6847 6401 6160 3023 9670 1343 641 1342 1752 2828 9570 1813 3565 3199 9574 8913 5459 7547 7325 7999 9150 7463 399
21 6509 495 7143 6936 4484 7634 7400 7418 8758 890 7498 8327 2553 468 2690 3375 3870 6776 328 8351 6069
17 8273 5196 9578 1712 3617 6887 9753 6736 6406 7004 1831 5998 3750 2792 2136 104 5801
12 9233 1138 7410 6702 9724 1329 9048 6094 6472 7013 2178 1915
8 5477 3114 113 4905 2659 9534 9989 6775
23 3237 4570 5502 3782 1768 620 324 8201 8724 7869 9736 3311 1225 8548 3329 603 8105 1847 2326 8812 9308 1429 9436
22 851 1528 4715 961 74 1364 7317 3817 5540 122 3381 4672 9564 3376 9390 1732 4636 5145 3485 6857 6723 7979
17 9766 7666 5376 433 5583 5112 2213 7897 994 2473 2078 5884 3502 3634 6950 4112 3682
6 347 6865 9556 1396 5060 5374
7 7776 7911 3605 7572 2979 4417 4843
18 772 8285 2897 3568 1025 8828 5649 4483 9707 7919 6093 5938 4078 1627 2477 9211 3720 9384
33 1809 2654 9016 4277 3065 7224 1555 6767 8013 4689 6937 565 5908 6751 423 1281 5350 5997 7557 9638 4365 539 5840 2428 4283 7822 1877 7880 4860 5606 9897 9257 144
11 5705 8183 3769 3524 4685 4767 4864 2540 8127 5822 1985
6 3508 9038 3107 6137 7824 8267
32 4776 9871 6586 4325 2192 4588 667 2797 2181 1858 2591 8431 208 8081 4505 9047 4637 5451 1534 7022 7973 4856 401 9757 1345 2127 390 6349 7208 7103 794 421
13 5924 5942 299 7059 3939 7921 7257 804 1487 7772 7326 1331 1147
15 7003 701 587 7136 654 1223 5064 5655 6542 9623 8659 3555 4182 2624 145
17 1357 3394 4541 2592 5127 8509 9129 307 4080 4820 9423 2421 1151 1843 1030 581 6627
4 98 8892 1794 2798
9 8342 6870 868 2126 2071 68 8618 4965 5814
5 2245 9510 7466 5425 7080
22 9236 4485 1500 4984 7476 4769 5609 6911 2509 4912 1984 1013 2249 3506 9882 4007 4028 7111 3331 7483 3540 3492
19 1285 2642 7314 6943 4051 4079 7664 4119 7582 4074 1404 5439 1052 8422 4729 7058 8145 6148 7632
9 4029 7608 3142 4047 6881 8064 938 2333 1885
17 5327 2138 7358 5349 8375 9913 8544 9393 5596 3036 3085 4878 4823 4546 5674 2687 4714
6 6263 2096 7597 722 254 2541
11 5298 8460 8665 506 4979 407 7054 5752 1991 5198 647
4 6304 9958 870 5483
21 7877 147 8191 9864 3268 9162 3440 7497 3420 8374 2514 8664 1014 6993 5646 1145 1763 1513 2144 5077 7819
12 7966 9475 717 2247 981 4102 8164 6452 3454 7959 3116 1228
11 7850 1489 5647 2339 9108 6648 5333 7402 62 9344 3966
11 5034 6633 5659 1142 2930 3933 6524 9332 1046 7219 5954
19 3668 7197 1002 6470 2884 7830 6313 8002 6056 5454 9678 2888 1253 2433 5730 4228 3018 8781 5260
8 7956 2034 2234 8932 5512 858 6931 2291
13 7804 4052 6486 1387 5338 249 3713 2934 9318 7095 1379 2104 2943
19 9055 9726 6467 9200 9716 7432 6177 2609 666 4050 6249 3975 9125 9915 5608 3357 8636 6075 7076
16 5827 7727 463 3612 637 9845 3998 1184 100 9819 836 8389 7716 1547 2552 5003
8 9715 8952 6845 3853 598 1808 2480 9548
9 7945 2901 4061 8182 5489 6429 2384 6671 4874
16 9874 547 6651 6630 7477 8602 9758 3263 2848 3619 6265 2685 1299 8891 4473 5107
9 7309 861 1377 2174 9086 2611 2594 6493 4545
16 6951 3287 5464 3438 7997 7601 1048 392 4682 6147 371 1956 6191 8094 5017 124
19 8143 626 1474 3995 2385 6287 864 2362 6808 688 591 3197 3400 8144 4977 234 5542 6594 5501
14 4600 604 6679 156 2128 4929 3829 5256 2375 6389 3109 7989 8514 5246
13 1519 939 9857 4323 2833 570 1192 8776 7968 3370 5211 9088 751
11 3690 5440 576 3473 9514 1495 7806 7775 1903 6934 1911
15 6469 7237 1887 526 5585 1874 4846 4421 8601 6956 2007 8314 9379 3974 1324
12 2190 3919 279 2025 5178 4699 5842 978 6530 6764 7852 8960
12 5280 830 3530 3369 3165 2615 4522 6390 6015 362 7785 8343
7 4845 2684 4958 7756 2441 3990 6100
22 3179 8097 6353 6200 9316 394 4735 3368 3661 4327 8370 8315 2517 9722 4511 8439 4928 4675 8975 8804 7630 2043
26 3081 9665 9065 8862 8027 243 8312 6457 911 7214 2079 609 8660 4882 250 70 8868 7928 757 1616 1168 6674 9617 7131 49 3380
24 1988 9267 8245 3791 522 955 5817 2680 1957 3101 1214 5534 2258 7298 6126 3809 7119 7525 2315 2446 8382 9022 8882 2156
27 3115 6365 7526 3696 5622 4310 9834 2203 6987 2914 379 8340 425 3355 744 6536 7909 1640 3282 7528 5965 1064 4635 6953 6519 600 876
9 3980 9860 9161 5069 4710 7015 267 9971 3643
10 4219 7957 7189 5759 2212 588 4576 5537 2399 6599
14 6635 7222 9282 3346 2295 3957 1386 136 7702 2593 382 7311 2109 3936
11 1566 6616 4429 4661 1572 4771 5916 8391 5272 1155 8875
2 7368 927
30 9813 4499 5026 9605 7894 9225 7838 5901 7053 4217 1422 8211 533 1800 9415 2741 1346 1622 1405 4025 5165 9277 5311 137 7287 9215 752 7439 6181 5056
19 9543 3060 5784 5802 7710 4411 3669 1137 5387 5401 6890 5386 9934 4141 3301 400 4237 2103 3734
3 7774 155 1367
13 5089 1067 5902 4301 3012 2604 8966 2879 2166 9779 1011 9642 8106
16 2198 796 7766 3407 2998 7765 1711 8727 4313 8924 9903 9586 9677 1062 9326 9077
24 4737 6802 7179 2278 4608 7164 9289 9035 3572 4917 6383 2117 593 6535 1036 9880 9275 7908 3875 8717 7723 1715 9863 1864
7 5294 7967 5328 174 419 2976 6317
12 8150 8398 9128 7128 5174 9712 843 9409 8885 9577 8128 4853
27 3073 1683 9142 1088 9680 1019 2972 6223 984 9364 3076 9179 5118 5471 3632 1908 7167 7863 2108 4640 1902 7669 3642 1740 838 9269 8392
17 1628 4187 619 3545 231 5053 3493 7706 1272 4858 4756 4747 6238 9419 8675 2248 6514
10 4980 4405 2944 5287 5733 8863 7596 1143 2487 1289
6 6830 3518 6028 8110 3575 4560
13 4446 1029 2133 2973 4792 265 9917 9248 8658 5435 515 2224 872
12 7560 5364 4386 5140 5001 6337 1287 4847 7346 3354 63 9106
18 6448 6122 1615 3182 6352 1814 7749 1804 1447 5102 8322 683 2900 4844 8163 8131 9596 8248
11 4940 7115 8117 8823 2804 9120 645 2620 257 9313 4444
10 9026 4339 6286 7230 7437 6640 5076 8732 540 8301
9 4774 2523 8631 1304 4376 9902 1607 3599 471
8 5910 8723 4994 4981 3386 8228 8567 4712
15 2401 3138 9133 3811 5158 9987 2806 1027 7023 6908 8612 8484 2952 7266 3470
27 6053 932 3889 9321 476 4434 125 5286 1777 1770 9501 1326 4181 9906 8241 4662 5798 5020 1544 1938 2809 3095 7107 8299 5795 3770 7449
24 3090 1996 5856 7506 5676 346 4872 2818 8888 1433 6460 8699 9442 2501 4770 9405 560 5138 5274 4084 4071 8086 4138 966
26 7393 3930 7377 2779 1157 1494 4870 9872 7793 7082 5207 6023 3079 1672 5761 5189 1469 9099 8432 9855 4494 5252 8458 6566 7531 3383
11 8978 9046 2781 9220 1049 467 6717 9173 7719 8742 9069
20 8995 2997 2657 2731 2889 7935 4926 827 4663 6471 4577 2801 8703 9800 4876 7759 640 7868 71 2696
27 6186 1940 1028 6231 5893 1714 388 8452 8263 5388 6346 726 5604 3323 456 9361 4344 7587 363 3131 7285 6976 5683 6395 3744 6144 4973
1 7364
34 8825 1409 2531 7160 8486 1760 9656 9081 48 4394 2923 9407 4016 9498 9155 140 9429 404 4702 8056 6437 3303 6659 891 9372 4849 8225 2689 158 4527 5971 4275 4953 387
13 3348 5170 4461 7286 1501 8928 4428 9706 4757 8563 4992 5567 2682
14 5468 6583 9721 1636 5092 4606 3714 4454 4587 9431 6133 5568 2349 7826
21 3193 6582 8418 6815 1462 5 8709 4113 5679 2380 889 9668 5007 4118 4575 2815 212 3549 4348 1455 8239
14 5788 3601 607 7846 9180 4021 6143 4077 9525 5513 5764 5634 513 7281
25 3971 2543 9663 1582 5247 7273 3965 8494 5372 6041 9123 1246 1193 2563 4826 7595 5227 5377 9683 2013 2493 1876 7593 4960 3435
6 1044 2836 4477 6301 8071 1776
16 6387 2945 4030 3745 3566 2390 6218 5367 2856 705 1508 2698 1928 8442 6399 334
13 1630 9984 4633 8683 8251 6298 5615 6408 5769 2855 6422 8570 8242
29 5816 1312 3064 420 96 2805 7522 9024 9311 195 9235 8757 9309 1771 5498 1079 9116 6626 3290 6089 1532 5673 3768 3111 5100 625 6106 4232 255
14 6303 4646 5605 383 9945 8956 9908 9032 268 1339 9163 8459 7532 7118
18 4694 3047 1260 9468 6646 4991 7938 730 1400 5951 253 3852 602 3008 2089 8608 8531 4003
2 5453 7166
11 6060 5574 9348 1010 4950 8265 2113 2547 5635 53 3340
21 933 8643 3692 6398 3994 7949 1663 638 3525 7159 4963 8384 9651 8993 7113 9810 3207 2670 6095 7922 8367
10 6875 5874 9338 6363 7140 7430 4742 2706 6614 1139
9 8809 4121 8797 7433 5426 7688 629 8774 4539
15 4076 9287 3163 2773 5054 721 7490 6619 5285 5339 527 1935 6546 2314 1105
15 7724 865 4482 818 7963 3516 3754 5724 9763 7747 8979 3326 7728 1725 6205
6 3181 3700 5719 697 5883 2822
21 5728 5715 5865 6465 3902 1006 811 8471 2410 6704 9940 9794 5959 4935 406 2482 2786 7577 2202 2447 7338
13 9964 8684 4261 8280 9968 6893 9959 735 4338 4256 4919 8323 5155
18 1624 6312 5544 1979 5278 956 7633 1507 7447 3305 4975 8791 2627 8304 9482 5934 414 5841
31 373 693 4638 6230 2450 5394 3215 1781 7589 6044 9705 7762 3259 2062 5027 7259 2789 9762 7275 4645 3992 1506 5390 3016 4311 4763 6292 7781 2748 4380 590
10 5696 1106 9549 9422 3404 8235 9502 9310 3915 2816
6 9404 5891 4404 6825 8040 4357
23 9434 9796 7137 1643 7942 4863 6572 1717 1125 1040 1689 664 6194 7174 841 7659 2067 9509 6366 5254 7851 8155 3618
10 4899 8648 9782 31 1593 8177 8622 3300 3010 5580
18 5651 7645 8003 4838 1055 1431 3078 5594 7731 3351 3657 5986 9847 9411 8720 9204 7016 6369
20 7258 4075 5955 9206 4352 3621 8457 2800 4962 3979 1623 6247 1258 6344 8167 3557 8808 3058 3159 9784
8 1303 3080 8785 4556 7112 4060 4072 7512
20 2363 5703 7323 7982 4947 4015 1605 9001 5781 2251 5009 164 3363 4085 905 1554 5867 1238 9410 3623
19 6233 2253 8175 566 9383 2858 5162 1169 7646 1291 1368 8054 4825 9701 7465 713 1278 1925 6902
19 1787 635 703 2693 1796 239 1121 1817 3491 226 1594 1846 1954 3522 2551 5359 8522 2718 3586
4 3155 85 6508 5217
25 6517 1466 8838 9674 4041 7703 1666 4681 2560 4880 275 6512 4426 3045 8984 2525 7455 1441 8179 1275 1772 2182 1262 7721 4648
7 6525 5452 7484 5638 1613 2231 9274
7 8229 9802 4091 8942 1865 7812 107
33 2581 4833 9420 6018 5116 3911 4312 6072 3673 3086 6414 5509 8031 7334 8698 1210 6139 3011 6731 3427 3494 295 5357 1601 4270 1634 4222 2484 8948 672 11 2645 9295
21 9029 6696 453 5539 7019 7344 5179 2511 5624 4604 7954 7839 3208 5569 427 2055 1306 5751 7558 3324 6355
11 4194 7986 4535 1602 3691 7067 6037 9932 4337 5303 5543
18 4297 7479 1649 9725 8584 4748 1231 2882 5134 2535 5288 7191 3624 9831 7375 7049 6251 8434
24 6754 2598 5148 6270 8156 8332 2883 5191 191 1588 1383 8195 5669 9452 5201 7491 4196 5241 4796 179 7089 5506 2544 7700
26 4788 2066 3335 6119 3007 9790 5631 4805 8020 1348 3307 4069 1833 3537 3562 9115 5093 314 1670 7452 3463 242 3748 3262 1692 1995
6 9684 7343 8310 8694 4749 3929
19 1942 3551 2947 1731 4581 6506 3157 5947 9280 8933 3544 4399 6600 1493 5183 6637 3597 4164 9296
16 3353 5633 8257 5966 8573 8353 9240 5899 6986 8520 7265 3461 7639 5275 7385 874
16 2931 3166 545 6323 3636 4401 6522 2863 1054 5602 4572 2788 5208 8197 7771 4471
9 3963 6038 3839 5423 2334 5499 8992 5226 3792
21 8701 8894 6415 1645 8915 4571 8935 4166 6913 7732 9080 103 799 5397 5066 7618 4508 3439 2877 7870 6988
23 1436 9427 2285 2470 1186 822 1316 8527 4114 9092 5692 4200 3026 1242 5907 6590 2960 4027 2915 1896 1164 201 4354
24 4416 9628 1284 302 4688 8965 6277 1583 985 1486 2586 3766 1273 8772 5050 8192 7384 2665 5030 6869 9820 9980 2483 5889
8 6710 6199 5668 351 3230 1637 3048 5689
18 3579 1042 9835 6631 4904 3813 904 327 8148 2647 5783 920 1187 5849 1267 4916 4371 4745
21 3639 8099 2427 1765 3371 2412 5995 3338 9327 3462 9992 2489 8900 7151 8820 6350 6489 6886 1437 3408 1999
31 4066 1038 3362 6253 5520 3989 6880 8564 7383 7576 9381 8777 2831 5244 9805 2619 1888 7201 5233 7556 7676 1308 1424 5455 9775 6135 4506 2762 4532 2910 4045
10 120 2908 3699 6113 6954 469 6958 6418 8338 4583
12 2347 9392 8831 5466 1203 9575 5612 5340 7555 595 888 9951
15 2437 2757 4886 2150 9051 9927 986 8158 7299 6167 8433 2367 4614 9477 884
26 6935 1420 6458 4524 2461 8125 2189 897 5362 4203 6831 2851 7195 8063 850 9491 6192 9639 9679 4197 7754 6282 8604 652 1362 6276
4 6975 2984 7649 2582
20 9114 3411 1590 4179 4611 9933 2867 7800 3593 3201 7391 8714 6752 4302 1653 7955 1577 7153 1963 9505
13 8580 9342 8336 9487 6697 1277 784 4031 2655 2630 4356 1240 4952
19 5177 2327 1241 5088 5994 9731 1083 8029 2767 3590 8600 5825 554 8738 7093 3144 3717 9978 1921
15 5379 4408 5400 187 3490 4671 7971 2389 4459 503 6016 2064 260 1344 8420
17 2974 432 9729 1451 2298 3581 5799 6992 5229 114 9891 7559 2225 1257 6189 1259 9457
10 3284 5482 790 9568 4885 3625 4964 2572 3161 348
7 3487 5770 8909 5949 8368 7347 4368
23 4815 2015 175 1166 2948 8111 6526 3821 6097 2391 7130 8006 798 6571 4180 1473 8951 2321 5805 3978 2739 1648 3536
18 9347 2147 3088 5628 7803 146 4898 9785 5032 5334 681 1017 4907 6236 9495 159 3345 4065
3 1596 1395 9230
8 9380 7407 5610 7162 3168 3803 2733 5210
3 7690 1710 2875
22 1322 9339 7126 6980 3641 5650 6099 9561 8068 5515 345 6613 1378 7077 5190 9728 8146 9323 8904 561 3283 507
15 5110 5521 1878 8259 9214 2426 1353 5448 9074 6841 3857 8722 1415 5961 749
13 7427 7987 2020 5736 8884 4014 5154 5494 2277 7810 3356 5036 8072
5 9480 6596 3795 7673 2310
5 4812 3663 9741 9946 8521
12 9237 9991 5336 1196 2354 0 6066 6279 928 2717 3295 976
13 6677 5811 781 1189 4212 3848 7961 8655 1341 768 3685 1766 9892
15 450 5671 8185 9900 1974 6883 7860 2045 6507 2215 3819 338 2393 969 1096
14 4359 9562 856 8937 2011 6682 7020 8628 5204 486 3278 8518 6636 4865
12 1916 9363 1251 8710 5988 3194 4460 3676 4023 3944 2735 7743
8 2017 3222 8419 3054 2661 7615 2497 5699
24 7920 9943 1280 3170 27 7865 9104 9061 2570 3703 8632 2139 9974 6981 5073 3074 4395 9302 6562 289 918 9982 4189 3361
23 2872 9733 7884 514 8 5434 4783 1867 2262 8407 7342 6684 5123 5665 6668 4534 3828 2528 9004 2343 9478 1351 9147
15 3056 2899 9087 1687 8925 6947 7212 7213 7689 3553 6838 1741 9738 9053 9159
3 819 3948 6079
15 2868 9003 6818 6850 7784 196 4884 4315 2776 9653 8203 3148 4258 1141 9481
40 8645 2301 2677 6341 8309 342 3635 3665 7648 3077 510 8908 4470 2403 2827 4731 2724 6058 9250 4673 968 3433 26 21 1218 129 9904 5982 7750 9190 2137 4969 9328 2753 9030 4150 7252 5279 2534 8260
8 6388 9942 4804 5074 1868 8569 583 3280
14 199 9713 6840 5870 3741 3631 3468 5403 7374 7882 3347 5775 9589 2803
6 1230 6576 6243 8475 2468 228
17 5081 5620 2617 7906 7726 7515 1870 1647 5169 9587 947 1859 5114 3235 9301 4684 7808
12 5206 7083 8261 5424 7717 1937 7901 7873 4789 4498 4318 172
7 5025 5559 7353 9426 1502 3856 7796
9 668 9703 9365 3871 2145 3075 4821 1892 1783
14 4320 2942 9614 6490 1570 1349 2094 2313 5240 6912 5753 2573 2603 707
4 7534 1530 1759 4171
10 1668 2638 9870 6942 9896 9750 3367 1327 1597 4837
11 1562 4873 190 1788 5019 2319 287 6556 470 7898 4281
27 1749 8702 614 7056 8662 996 9710 7660 7543 5136 2924 4284 8826 5806 3145 2188 6550 5202 505 6728 9861 2850 3843 767 6027 5681 1571
7 2520 4058 9050 370 4678 2500 9382
6 5199 2411 5529 9212 9027 1076
7 6699 4903 5239 2623 8943 5057 438
12 207 748 4601 6962 7434 8768 5582 9966 9643 8827 6921 1525
15 1454 754 9593 9939 9745 3731 7578 341 54 9546 8603 4207 7737 8107 8886
25 7001 5976 8613 7144 759 2419 7567 8293 142 3260 8205 2304 365 8427 6503 1526 6444 7817 7753 2688 2269 6730 7149 8637 5787
11 8328 1122 4291 4117 1180 7886 2711 9260 7075 6629 7798
17 7064 1398 5771 4913 3719 4665 2585 6995 3310 9961 333 2230 1848 4328 9869 7974 5584
13 186 9366 5946 2579 8896 1425 9102 8674 9198 7652 6827 3221 9751
8 288 3445 6463 198 7215 8055 6278 6030
18 2035 1735 558 7751 6824 2119 6468 9216 5639 2206 8610 792 2516 5347 4889 2226 4538 4087
13 4976 2191 4933 2988 8651 6922 6357 6372 7628 4188 3255 8355 8490
31 6483 5015 3118 7564 1005 4835 4033 893 7739 4375 6040 320 9795 7419 7932 1221 4784 3925 3903 3610 3226 8795 2115 9910 8647 5587 2058 422 7612 9255 7594
17 8067 6618 9893 2472 9134 824 4287 3339 8306 4942 6895 2237 1232 1951 3190 8553 3486
20 7227 1983 2555 2636 4360 9557 5098 8401 2898 4910 1538 2956 1485 6109 3266 3603 817 1690 402 6654
16 2648 4068 917 2716 5163 238 5737 6111 4946 1085 3736 1629 6963 3416 6732 2699
13 3496 9912 1018 488 9898 9 3041 9156 1778 2873 1063 1879 7254
19 5171 4803 4385 2749 5242 6070 9182 8693 1970 1347 2125 1745 7318 329 9708 8352 1428 8476 1810
8 5216 2361 5062 4097 2936 434 1854 5370
13 9512 4086 728 2238 7142 1510 3938 2504 2243 5765 2651 4851 1545
12 5061 1132 8638 6073 4004 3333 9354 3042 5809 7127 4467 6554
8 6117 4259 9918 6905 5789 1764 1461 2328
23 8763 4861 8523 2832 8736 1667 1505 3772 6494 8119 9094 812 4629 6485 1162 6013 1296 4559 5970 9747 182 2708 7010
10 6548 1723 9369 8881 4740 5044 1992 9929 6086 1118
10 9536 6652 2324 5365 424 4183 942 1254 8972 2457
20 316 2168 3844 374 5878 6183 2037 4996 8461 6242 8801 1969 9227 739 1539 5300 3708 3250 3779 9799
4 8339 2783 3794 5714
14 2379 8138 1569 5591 4658 1665 2065 5757 1491 896 5993 8445 6239 3825
11 6747 1016 4779 9876 4773 6657 7185 496 4759 3598 601
15 7473 4282 764 6010 1881 7569 9273 2402 1929 6811 3732 7371 4705 4869 4791
22 8734 1686 8275 8549 5083 185 5900 6667 8901 6612 6580 8174 3762 8424 1113 6706 7927 3100 4430 5716 6996 1332
20 2992 529 8718 4273 9867 7145 8453 788 3715 6749 760 2481 5847 9470 3550 6221 1337 3955 5926 7200
13 5619 8220 953 5828 982 9585 3942 225 3645 3684 9007 4266 8395
15 8755 3441 3289 3457 4544 1829 740 1417 7790 9603 1270 5896 6725 3227 9127
14 2826 2607 4743 649 6793 170 7861 6663 3051 1824 5892 7623 937 168
21 2736 441 3459 5326 3176 6046 7682 2260 5554 6581 5855 8539 4797 7412 4388 4762 461 5172 6570 4517 4488
8 9018 2129 4921 4778 943 7516 2537 6843
14 3906 3592 3089 5586 5291 3495 3721 3842 9986 4398 2381 1320 364 8400
8 2099 1614 2026 4169 8096 2778 3694 1112
28 5952 3298 6361 4152 1744 6132 653 2033 4289 1677 7036 3120 9537 5740 2105 8036 4566 2227 8468 9521 8217 118 9386 8358 61 2726 5663 8271
13 7948 7485 7337 6734 4923 6533 6755 8667 8018 5458 7624 8687 3759
28 4718 5301 2941 1365 499 2070 6653 7369 2683 2163 2118 7667 5662 1160 1176 2331 4954 1136 9305 1490 6826 8470 5835 4452 165 5188 6789 9441
16 5536 2795 3711 854 8616 6431 9100 194 2694 9265 6948 6391 3309 6559 3941 6051
12 4832 2799 611 5236 8005 5391 3083 1791 8372 270 5224 7940
11 9890 2148 4620 5317 9873 2016 8963 396 4696 5213 1498
22 1178 543 5103 10 6481 1839 9263 7941 9167 7580 4552 3040 3503 1390 298 9695 7231 4495 4381 732 4785 2256
6 7106 1229 8009 6480 5147 7565
11 9808 4420 2132 7643 1235 7349 6375 4491 2284 5348 1773
20 3576 2246 2917 615 4130 7045 3119 5887 8920 7202 8793 2692 3951 6888 3909 8249 2793 582 5850 9238
9 7934 7761 6604 7302 9270 9191 7887 3523 5352
5 8065 9619 3519 5987 4818
21 45 2159 1102 4480 878 3 8383 7367 6918 2675 3128 4252 3687 3050 1779 1177 163 9743 7448 695 6602
9 7662 5826 7545 8103 3876 6120 2887 1220 1072
3 8670 4915 4436
11 7284 8597 6639 3186 1191 3833 3017 1427 8386 5119 1695
25 4529 2909 3532 6007 7221 4383 3410 2275 2448 6083 8231 2244 5484 7124 4465 7693 7998 1552 4701 9039 3671 6430 3319 9944 4093
26 7675 1328 5545 2854 7713 4216 1680 4103 3477 3924 8939 1894 2183 7120 8532 4214 3666 7332 9493 5930 7270 7409 4848 7837 8974 3426
14 7975 6555 7701 2068 9645 2498 3777 1811 1769 277 4157 5421 4521 4149
15 4088 9814 2193 5087 7995 9866 5967 9113 8583 4653 9865 6184 3337 8679 3904
18 3615 3922 240 2336 9997 454 5989 6021 3928 3988 1517 4400 8796 9071 6795 1933 58 4300
10 6903 3419 7842 6708 9170 247 9412 6574 519 9797
28 5875 8852 216 6520 2577 1393 4795 8782 1579 880 572 4160 2637 3588 459 1292 4095 5680 1656 3859 4205 8630 6130 842 108 398 9463 4501
27 9812 9953 9803 2083 2928 2763 1750 8069 51 6140 8380 4764 8794 4584 5137 7958 7475 1792 3629 6720 3292 3052 1586 4251 7695 44 4120
2 2436 6420
11 4054 9329 6272 41 7005 5273 3670 8843 1150 8478 3087
12 361 1391 5698 2317 2653 1380 1419 9503 4680 8404 3153 4619
10 1718 6320 2542 7394 6688 1575 8410 8626 4372 2346
5 1875 1250 5853 5255 9175
14 5507 6163 9649 548 9370 6208 2122 5153 3847 9692 7155 7969 677 3396
8 9930 8780 8194 4397 5717 5807 2438 6209
14 369 8503 930 7926 3039 7396 4781 177 443 3205 7984 3395 411 377
21 4670 3213 4373 9060 3200 4862 6011 8423 1684 5363 8326 3364 2299 5519 7635 3716 7250 8295 1050 2507 4024
13 6932 2292 3650 696 6376 6777 3251 9538 1043 7864 9776 4253 1758
26 6568 9406 8227 7962 500 462 6940 223 1293 1767 6930 5895 6308 430 2536 2774 9388 1557 7769 7421 4667 6380 8499 7899 2933 50
5 6856 4971 5890 2084 6260
15 7625 7269 1263 9164 5039 7403 763 1591 1529 8252 2912 3535 4542 5598 2950
3 2276 9432 7414
22 8243 3288 4727 8751 5726 3378 3832 8354 8916 9151 5869 4959 1057 8187 3560 3299 6084 206 7988 2632 8307 7261
8 301 4140 3313 7715 5968 2374 5885 3780
7 4067 8180 6047 2300 793 3501 2175
20 5913 5838 6134 5533 310 6738 8421 5422 6938 2985 6377 7336 6686 3999 3908 79 8926 2459 7177 2075
3 2839 3767 7460
20 3534 9609 6141 3248 6159 3600 8118 3067 7508 8775 718 5844 2981 6103 6516 6050 7047 7104 806 8074
11 8620 6960 8123 9137 852 2494 7292 3476 7052 9938 4816
24 354 9253 4044 2495 6914 5742 6689 9843 1156 5882 7746 4650 8466 738 6505 4057 2968 847 4176 3587 9395 8169 1206 4717
10 4350 1977 8587 8166 1212 4387 8745 8533 4265 3389
